{"level":"info","message":"GET \n    /login. \n    Status: 404. \n    Duration: 7 ms","service":"bookstore-api"}
{"level":"info","message":"GET \n    /login. \n    Status: 404. \n    Duration: 0 ms","service":"bookstore-api"}
{"level":"info","message":"POST \n    /login. \n    Status: 404. \n    Duration: 1 ms","service":"bookstore-api"}
{"level":"info","message":"GET \n    /. \n    Status: 200. \n    Duration: 10 ms","service":"bookstore-api"}
{"level":"info","message":"GET \n    /users. \n    Status: 404. \n    Duration: 0 ms","service":"bookstore-api"}
{"level":"info","message":"GET \n    /records/. \n    Status: 404. \n    Duration: 0 ms","service":"bookstore-api"}
{"level":"info","message":"GET \n    /books. \n    Status: 404. \n    Duration: 1 ms","service":"bookstore-api"}
{"level":"info","message":"GET \n    /books. \n    Status: 200. \n    Duration: 1 ms","service":"bookstore-api"}
{"level":"info","message":"GET \n    /. \n    Status: 304. \n    Duration: 2 ms","service":"bookstore-api"}
{"level":"info","message":"GET \n    /. \n    Status: 304. \n    Duration: 2 ms","service":"bookstore-api"}
{"level":"info","message":"GET \n    /. \n    Status: 304. \n    Duration: 1 ms","service":"bookstore-api"}
{"level":"info","message":"GET \n    /. \n    Status: 304. \n    Duration: 2 ms","service":"bookstore-api"}
{"level":"info","message":"GET \n    /. \n    Status: 304. \n    Duration: 1 ms","service":"bookstore-api"}
{"level":"info","message":"GET \n    /api/all-data. \n    Status: 200. \n    Duration: 11 ms","service":"bookstore-api"}
{"level":"info","message":"GET \n    /. \n    Status: 200. \n    Duration: 0 ms","service":"bookstore-api"}
{"level":"info","message":"GET \n    /. \n    Status: 304. \n    Duration: 1 ms","service":"bookstore-api"}
{"level":"info","message":"GET \n    /. \n    Status: 200. \n    Duration: 4 ms","service":"bookstore-api"}
{"level":"info","message":"GET \n    /favicon.ico. \n    Status: 200. \n    Duration: 0 ms","service":"bookstore-api"}
{"level":"info","message":"GET \n    /. \n    Status: 304. \n    Duration: 3 ms","service":"bookstore-api"}
{"level":"info","message":"GET \n    /. \n    Status: 304. \n    Duration: 2 ms","service":"bookstore-api"}
{"level":"info","message":"GET \n    /. \n    Status: 304. \n    Duration: 1 ms","service":"bookstore-api"}
{"level":"info","message":"GET \n    /. \n    Status: 304. \n    Duration: 0 ms","service":"bookstore-api"}
{"level":"info","message":"GET \n    /users. \n    Status: 404. \n    Duration: 1 ms","service":"bookstore-api"}
{"level":"info","message":"POST \n    /books. \n    Status: 404. \n    Duration: 7 ms","service":"bookstore-api"}
{"level":"info","message":"POST \n    /books. \n    Status: 404. \n    Duration: 1 ms","service":"bookstore-api"}
{"level":"info","message":"POST \n    /books. \n    Status: 404. \n    Duration: 1 ms","service":"bookstore-api"}
{"level":"info","message":"GET \n    /. \n    Status: 304. \n    Duration: 8 ms","service":"bookstore-api"}
{"level":"info","message":"POST \n    /api/login. \n    Status: 200. \n    Duration: 2 ms","service":"bookstore-api"}
{"level":"info","message":"POST \n    /api/login. \n    Status: 200. \n    Duration: 3 ms","service":"bookstore-api"}
{"level":"info","message":"POST \n    /api/login. \n    Status: 200. \n    Duration: 1 ms","service":"bookstore-api"}
{"level":"info","message":"POST \n    /api/login. \n    Status: 200. \n    Duration: 3 ms","service":"bookstore-api"}
{"level":"info","message":"POST \n    /api/login. \n    Status: 200. \n    Duration: 5 ms","service":"bookstore-api"}
{"level":"info","message":"POST \n    /api/login. \n    Status: 200. \n    Duration: 1 ms","service":"bookstore-api"}
{"level":"info","message":"POST \n    /api/login. \n    Status: 200. \n    Duration: 0 ms","service":"bookstore-api"}
{"level":"info","message":"POST \n    /api/login. \n    Status: 200. \n    Duration: 0 ms","service":"bookstore-api"}
{"level":"info","message":"POST \n    /api/login. \n    Status: 200. \n    Duration: 1 ms","service":"bookstore-api"}
{"level":"info","message":"POST \n    /api/login. \n    Status: 200. \n    Duration: 0 ms","service":"bookstore-api"}
{"level":"info","message":"POST \n    /api/login. \n    Status: 200. \n    Duration: 0 ms","service":"bookstore-api"}
{"level":"info","message":"POST \n    /api/login. \n    Status: 200. \n    Duration: 0 ms","service":"bookstore-api"}
{"level":"info","message":"POST \n    /api/login. \n    Status: 200. \n    Duration: 1 ms","service":"bookstore-api"}
{"level":"info","message":"POST \n    /api/login. \n    Status: 200. \n    Duration: 3 ms","service":"bookstore-api"}
{"level":"info","message":"POST \n    /api/login. \n    Status: 200. \n    Duration: 0 ms","service":"bookstore-api"}
{"level":"info","message":"POST \n    /api/login. \n    Status: 200. \n    Duration: 1 ms","service":"bookstore-api"}
{"level":"info","message":"POST \n    /api/login. \n    Status: 200. \n    Duration: 3 ms","service":"bookstore-api"}
{"level":"info","message":"POST \n    /api/login. \n    Status: 200. \n    Duration: 1 ms","service":"bookstore-api"}
{"level":"info","message":"POST \n    /api/login. \n    Status: 200. \n    Duration: 1 ms","service":"bookstore-api"}
{"level":"info","message":"POST \n    /api/login. \n    Status: 200. \n    Duration: 3 ms","service":"bookstore-api"}
{"level":"info","message":"POST \n    /api/login. \n    Status: 200. \n    Duration: 0 ms","service":"bookstore-api"}
{"level":"info","message":"POST \n    /api/login. \n    Status: 200. \n    Duration: 0 ms","service":"bookstore-api"}
{"level":"info","message":"POST \n    /api/login. \n    Status: 200. \n    Duration: 0 ms","service":"bookstore-api"}
{"level":"info","message":"POST \n    /api/login. \n    Status: 200. \n    Duration: 1 ms","service":"bookstore-api"}
{"level":"info","message":"GET \n    /api/luser. \n    Status: 404. \n    Duration: 6 ms","service":"bookstore-api"}
{"level":"info","message":"GET \n    /api/luser. \n    Status: 404. \n    Duration: 1 ms","service":"bookstore-api"}
{"level":"info","message":"GET \n    /api/hosts. \n    Status: 200. \n    Duration: 2 ms","service":"bookings-api"}
{"level":"info","message":"GET \n    /api/hosts. \n    Status: 200. \n    Duration: 0 ms","service":"bookings-api"}
{"level":"info","message":"GET \n    /api/users. \n    Status: 200. \n    Duration: 1 ms","service":"bookings-api"}
{"level":"info","message":"GET \n    /api/users. \n    Status: 200. \n    Duration: 1 ms","service":"bookings-api"}
{"level":"info","message":"GET \n    /api/users/a1234567-89ab-cdef-0123-456789abcdef. \n    Status: 200. \n    Duration: 2 ms","service":"bookings-api"}
{"level":"info","message":"POST \n    /api/login. \n    Status: 404. \n    Duration: 8 ms","service":"bookings-api"}
{"level":"info","message":"POST \n    /api/login. \n    Status: 200. \n    Duration: 15 ms","service":"bookings-api"}
{"level":"info","message":"POST \n    /api/login. \n    Status: 200. \n    Duration: 7 ms","service":"bookings-api"}
{"level":"info","message":"GET \n    /. \n    Status: 304. \n    Duration: 13 ms","service":"bookings-api"}
{"level":"info","message":"GET \n    /. \n    Status: 304. \n    Duration: 12 ms","service":"bookings-api"}
{"level":"info","message":"GET \n    /. \n    Status: 304. \n    Duration: 2 ms","service":"bookings-api"}
{"level":"info","message":"GET \n    /books. \n    Status: 200. \n    Duration: 4 ms","service":"bookings-api"}
{"level":"info","message":"GET \n    /books. \n    Status: 200. \n    Duration: 1 ms","service":"bookings-api"}
{"level":"info","message":"GET \n    /.well-known/openid-configuration. \n    Status: 200. \n    Duration: 1 ms","service":"bookings-api"}
{"level":"info","message":"GET \n    /.well-known/oauth-authorization-server. \n    Status: 200. \n    Duration: 1 ms","service":"bookings-api"}
{"level":"info","message":"GET \n    /. \n    Status: 304. \n    Duration: 41 ms","service":"bookings-api"}
{"level":"info","message":"GET \n    /. \n    Status: 304. \n    Duration: 26 ms","service":"bookings-api"}
{"level":"info","message":"GET \n    /. \n    Status: 304. \n    Duration: 2 ms","service":"bookings-api"}
{"level":"info","message":"GET \n    /favicon.ico. \n    Status: 200. \n    Duration: 3 ms","service":"bookings-api"}
{"level":"info","message":"GET \n    /. \n    Status: 304. \n    Duration: 2 ms","service":"bookings-api"}
{"level":"info","message":"GET \n    /. \n    Status: 200. \n    Duration: 10 ms","service":"bookings-api"}
{"level":"info","message":"GET \n    /favicon.ico. \n    Status: 200. \n    Duration: 11 ms","service":"bookings-api"}
{"level":"info","message":"GET \n    /. \n    Status: 200. \n    Duration: 1 ms","service":"bookings-api"}
{"level":"info","message":"GET \n    /favicon.ico. \n    Status: 200. \n    Duration: 0 ms","service":"bookings-api"}
